2025-07-07 19:38:56 [ERROR]: Database operation failed - Advisor.find: undefined
2025-07-07 19:38:56 [ERROR]: DB Operation failed: Advisor.find - undefined
2025-07-07 19:39:05 [ERROR]: Database operation failed - Advisor.find: undefined
2025-07-07 19:39:05 [ERROR]: DB Operation failed: Advisor.find - undefined
2025-07-07 19:39:05 [ERROR]: Database operation failed - Advisor.find: undefined
2025-07-07 19:39:05 [ERROR]: DB Operation failed: Advisor.find - undefined
2025-07-07 19:39:05 [ERROR]: Database operation failed - Advisor.find: undefined
2025-07-07 19:39:05 [ERROR]: DB Operation failed: Advisor.find - undefined
2025-07-07 19:39:05 [ERROR]: Database operation failed - Advisor.find: undefined
2025-07-07 19:39:05 [ERROR]: DB Operation failed: Advisor.find - undefined
2025-07-07 19:39:25 [ERROR]: Database operation failed - Advisor.find: undefined
2025-07-07 19:39:25 [ERROR]: DB Operation failed: Advisor.find - undefined
2025-07-07 19:39:49 [ERROR]: Database operation failed - Advisor.find: undefined
2025-07-07 19:39:49 [ERROR]: DB Operation failed: Advisor.find - undefined
2025-07-07 19:40:10 [ERROR]: Database operation failed - Advisor.find: undefined
2025-07-07 19:40:10 [ERROR]: DB Operation failed: Advisor.find - undefined
2025-07-07 19:40:10 [ERROR]: Database operation failed - Advisor.find: undefined
2025-07-07 19:40:10 [ERROR]: DB Operation failed: Advisor.find - undefined
2025-07-07 19:40:10 [ERROR]: Database operation failed - Advisor.find: undefined
2025-07-07 19:40:10 [ERROR]: DB Operation failed: Advisor.find - undefined
2025-07-07 19:40:10 [ERROR]: Database operation failed - Advisor.find: undefined
2025-07-07 19:40:10 [ERROR]: DB Operation failed: Advisor.find - undefined
2025-07-07 21:28:14 [ERROR]: Database operation failed - Client.find: Cast to ObjectId failed for value "invitations" (type string) at path "_id" for model "Client"
2025-07-07 21:28:14 [ERROR]: DB Operation failed: Client.find - Cast to ObjectId failed for value "invitations" (type string) at path "_id" for model "Client"
2025-07-07 21:28:14 [ERROR]: GET /manage/invitations?limit=5&sortBy=createdAt&sortOrder=desc - Error: Cast to ObjectId failed for value "invitations" (type string) at path "_id" for model "Client" - Advisor: 686bc7a92d1b9882f7d4d560
2025-07-07 21:28:14 [ERROR]: Client details retrieval failed for advisor: 686bc7a92d1b9882f7d4d560, client: invitations - Cast to ObjectId failed for value "invitations" (type string) at path "_id" for model "Client"
2025-07-07 21:28:14 [ERROR]: GET /api/clients/manage/invitations?limit=5&sortBy=createdAt&sortOrder=desc - Error: {"success":false,"message":"Failed to retrieve client details","error":"Cast to ObjectId failed for value \"invitations\" (type string) at path \"_id\" for model \"Client\""} - Advisor: 686bc7a92d1b9882f7d4d560
2025-07-07 21:38:28 [ERROR]: Database operation failed - ClientInvitation.save: ClientInvitation validation failed: expiresAt: Path `expiresAt` is required., token: Path `token` is required.
2025-07-07 21:38:28 [ERROR]: DB Operation failed: ClientInvitation.save for ID: 686bf0fc89ada0d4a42695ce - ClientInvitation validation failed: expiresAt: Path `expiresAt` is required., token: Path `token` is required.
2025-07-07 21:38:28 [ERROR]: POST /manage/invitations - Error: ClientInvitation validation failed: expiresAt: Path `expiresAt` is required., token: Path `token` is required. - Advisor: 686bc7a92d1b9882f7d4d560
2025-07-07 21:38:28 [ERROR]: Client invitation failed for advisor: 686bc7a92d1b9882f7d4d560 - ClientInvitation validation failed: expiresAt: Path `expiresAt` is required., token: Path `token` is required.
2025-07-07 21:38:28 [ERROR]: POST /api/clients/manage/invitations - Error: {"success":false,"message":"Failed to send client invitation","error":"ClientInvitation validation failed: expiresAt: Path `expiresAt` is required., token: Path `token` is required."} - Advisor: 686bc7a92d1b9882f7d4d560
2025-07-07 21:42:04 [ERROR]: Database operation failed - ClientInvitation.save: ClientInvitation validation failed: expiresAt: Path `expiresAt` is required., token: Path `token` is required.
2025-07-07 21:42:04 [ERROR]: DB Operation failed: ClientInvitation.save for ID: 686bf1d414e6432b782767bc - ClientInvitation validation failed: expiresAt: Path `expiresAt` is required., token: Path `token` is required.
2025-07-07 21:42:04 [ERROR]: POST /manage/invitations - Error: ClientInvitation validation failed: expiresAt: Path `expiresAt` is required., token: Path `token` is required. - Advisor: 686bc7a92d1b9882f7d4d560
2025-07-07 21:42:04 [ERROR]: Client invitation failed for advisor: 686bc7a92d1b9882f7d4d560 - ClientInvitation validation failed: expiresAt: Path `expiresAt` is required., token: Path `token` is required.
2025-07-07 21:42:04 [ERROR]: POST /api/clients/manage/invitations - Error: {"success":false,"message":"Failed to send client invitation","error":"ClientInvitation validation failed: expiresAt: Path `expiresAt` is required., token: Path `token` is required."} - Advisor: 686bc7a92d1b9882f7d4d560
2025-07-07 21:42:40 [ERROR]: Database operation failed - ClientInvitation.save: ClientInvitation validation failed: expiresAt: Path `expiresAt` is required., token: Path `token` is required.
2025-07-07 21:42:40 [ERROR]: DB Operation failed: ClientInvitation.save for ID: 686bf1f8347bb324d9606df3 - ClientInvitation validation failed: expiresAt: Path `expiresAt` is required., token: Path `token` is required.
2025-07-07 21:42:40 [ERROR]: POST /manage/invitations - Error: ClientInvitation validation failed: expiresAt: Path `expiresAt` is required., token: Path `token` is required. - Advisor: 686bc7a92d1b9882f7d4d560
2025-07-07 21:42:40 [ERROR]: Client invitation failed for advisor: 686bc7a92d1b9882f7d4d560 - ClientInvitation validation failed: expiresAt: Path `expiresAt` is required., token: Path `token` is required.
2025-07-07 21:42:40 [ERROR]: POST /api/clients/manage/invitations - Error: {"success":false,"message":"Failed to send client invitation","error":"ClientInvitation validation failed: expiresAt: Path `expiresAt` is required., token: Path `token` is required."} - Advisor: 686bc7a92d1b9882f7d4d560
2025-07-07 21:45:14 [ERROR]: POST /manage/invitations - Error: nodemailer.createTransporter is not a function - Advisor: 686bc7a92d1b9882f7d4d560
2025-07-07 21:45:14 [ERROR]: Client invitation failed for advisor: 686bc7a92d1b9882f7d4d560 - nodemailer.createTransporter is not a function
2025-07-07 21:45:14 [ERROR]: POST /api/clients/manage/invitations - Error: {"success":false,"message":"Failed to send client invitation","error":"nodemailer.createTransporter is not a function"} - Advisor: 686bc7a92d1b9882f7d4d560
2025-07-07 21:47:23 [ERROR]: POST /api/clients/manage/invitations - Error: {"success":false,"message":"An active invitation already exists for this client"} - Advisor: 686bc7a92d1b9882f7d4d560
2025-07-07 22:42:38 [ERROR]: Database operation failed - Client.save: Client validation failed: investmentGoals.0: `Retirement Planning` is not a valid enum value for path `investmentGoals.0`., investmentGoals.1: `Wealth Creation` is not a valid enum value for path `investmentGoals.1`.
2025-07-07 22:42:38 [ERROR]: DB Operation failed: Client.save for ID: 686c00068ca37ced96336afe - Client validation failed: investmentGoals.0: `Retirement Planning` is not a valid enum value for path `investmentGoals.0`., investmentGoals.1: `Wealth Creation` is not a valid enum value for path `investmentGoals.1`.
2025-07-07 22:42:38 [ERROR]: POST /onboarding/699c7088a43fdc0f3619230981b21a66f95757107ea6f6698de122082457197c - Error: Client validation failed: investmentGoals.0: `Retirement Planning` is not a valid enum value for path `investmentGoals.0`., investmentGoals.1: `Wealth Creation` is not a valid enum value for path `investmentGoals.1`.
2025-07-07 22:42:38 [ERROR]: Client onboarding form submission failed for token: 699c7088a43fdc0f3619230981b21a66f95757107ea6f6698de122082457197c - Client validation failed: investmentGoals.0: `Retirement Planning` is not a valid enum value for path `investmentGoals.0`., investmentGoals.1: `Wealth Creation` is not a valid enum value for path `investmentGoals.1`.
2025-07-07 22:42:38 [ERROR]: POST /api/clients/onboarding/699c7088a43fdc0f3619230981b21a66f95757107ea6f6698de122082457197c - Error: {"success":false,"message":"Failed to complete onboarding","error":"Client validation failed: investmentGoals.0: `Retirement Planning` is not a valid enum value for path `investmentGoals.0`., investmentGoals.1: `Wealth Creation` is not a valid enum value for path `investmentGoals.1`."}
